<?xml version="1.0" encoding="UTF-8"?>
<!-- Generated by org.testng.reporters.JUnitReportReporter -->
<testsuite hostname="LAPTOP-O596PGHR" failures="0" tests="3" name="academy.tests.SubmitOrderTest" time="22.408" errors="0" timestamp="2025-07-18T08:33:33 IST" skipped="0">
  <testcase classname="academy.tests.SubmitOrderTest" name="submitOrder" time="7.843"/>
  <testcase classname="academy.tests.SubmitOrderTest" name="submitOrder" time="8.478"/>
  <testcase classname="academy.tests.SubmitOrderTest" name="OrderHistoryTest" time="6.087"/>
</testsuite> <!-- academy.tests.SubmitOrderTest -->
