<?xml version="1.0" encoding="UTF-8"?>
<!-- Generated by org.testng.reporters.JUnitReportReporter -->
<testsuite hostname="LAPTOP-O596PGHR" failures="0" tests="2" name="academy.tests.ErrorValidationsTest" time="11.178" errors="0" timestamp="2025-07-18T08:33:33 IST" skipped="0">
  <testcase classname="academy.tests.ErrorValidationsTest" name="LoginErrorValidation" time="4.012"/>
  <testcase classname="academy.tests.ErrorValidationsTest" name="ProductErrorValidation" time="7.166"/>
</testsuite> <!-- academy.tests.ErrorValidationsTest -->
