<?xml version="1.0" encoding="UTF-8"?>
<!-- Generated by org.testng.reporters.JUnitReportReporter -->
<testsuite hostname="LAPTOP-O596PGHR" failures="0" tests="2" name="academy.tests.ErrorValidationsTest" time="13.293" errors="0" timestamp="2025-07-18T08:31:58 IST" skipped="0">
  <testcase classname="academy.tests.ErrorValidationsTest" name="ProductErrorValidation" time="7.355"/>
  <testcase classname="academy.tests.ErrorValidationsTest" name="LoginErrorValidation" time="5.938"/>
</testsuite> <!-- academy.tests.ErrorValidationsTest -->
