<?xml version="1.0" encoding="UTF-8"?>
<!-- Generated by org.testng.reporters.JUnitReportReporter -->
<testsuite hostname="LAPTOP-O596PGHR" failures="0" tests="3" name="academy.tests.SubmitOrderTest" time="21.853" errors="0" timestamp="2025-07-18T08:31:58 IST" skipped="0">
  <testcase classname="academy.tests.SubmitOrderTest" name="submitOrder" time="8.669"/>
  <testcase classname="academy.tests.SubmitOrderTest" name="OrderHistoryTest" time="4.511"/>
  <testcase classname="academy.tests.SubmitOrderTest" name="submitOrder" time="8.673"/>
</testsuite> <!-- academy.tests.SubmitOrderTest -->
