<?xml version="1.0" encoding="UTF-8"?>
<!-- Generated by org.testng.reporters.JUnitReportReporter -->
<testsuite hostname="LAPTOP-O596PGHR" failures="0" tests="1" name="Cucumber.TestNGTestRunner" time="10.135" errors="0" timestamp="2025-07-18T07:48:27 IST" skipped="0">
  <testcase classname="Cucumber.TestNGTestRunner" name="runScenario" time="10.135"/>
</testsuite> <!-- Cucumber.TestNGTestRunner -->
